{"C:\\Users\\perka\\Desktop\\Projects\\ExpenseApp\\src\\controllers\\authController.ts": {"path":"C:\\Users\\perka\\Desktop\\Projects\\ExpenseApp\\src\\controllers\\authController.ts","statementMap":{"0":{"start":{"line":2,"column":0},"end":{"line":2,"column":null}},"1":{"start":{"line":10,"column":38},"end":{"line":19,"column":2}},"2":{"start":{"line":10,"column":76},"end":{"line":19,"column":2}},"3":{"start":{"line":11,"column":2},"end":{"line":18,"column":null}},"4":{"start":{"line":12,"column":42},"end":{"line":12,"column":50}},"5":{"start":{"line":13,"column":4},"end":{"line":13,"column":54}},"6":{"start":{"line":14,"column":4},"end":{"line":14,"column":70}},"7":{"start":{"line":16,"column":4},"end":{"line":16,"column":55}},"8":{"start":{"line":17,"column":4},"end":{"line":17,"column":63}},"9":{"start":{"line":10,"column":13},"end":{"line":10,"column":38}},"10":{"start":{"line":21,"column":35},"end":{"line":37,"column":2}},"11":{"start":{"line":21,"column":73},"end":{"line":37,"column":2}},"12":{"start":{"line":22,"column":2},"end":{"line":36,"column":null}},"13":{"start":{"line":23,"column":32},"end":{"line":23,"column":40}},"14":{"start":{"line":24,"column":18},"end":{"line":24,"column":50}},"15":{"start":{"line":26,"column":4},"end":{"line":26,"column":43}},"16":{"start":{"line":27,"column":4},"end":{"line":32,"column":23}},"17":{"start":{"line":34,"column":4},"end":{"line":34,"column":48}},"18":{"start":{"line":35,"column":4},"end":{"line":35,"column":59}},"19":{"start":{"line":21,"column":13},"end":{"line":21,"column":35}},"20":{"start":{"line":39,"column":36},"end":{"line":48,"column":2}},"21":{"start":{"line":39,"column":74},"end":{"line":48,"column":2}},"22":{"start":{"line":40,"column":2},"end":{"line":47,"column":null}},"23":{"start":{"line":41,"column":19},"end":{"line":41,"column":36}},"24":{"start":{"line":42,"column":4},"end":{"line":42,"column":29}},"25":{"start":{"line":43,"column":4},"end":{"line":43,"column":55}},"26":{"start":{"line":45,"column":4},"end":{"line":45,"column":49}},"27":{"start":{"line":46,"column":4},"end":{"line":46,"column":61}},"28":{"start":{"line":39,"column":13},"end":{"line":39,"column":36}},"29":{"start":{"line":50,"column":44},"end":{"line":64,"column":2}},"30":{"start":{"line":53,"column":4},"end":{"line":64,"column":2}},"31":{"start":{"line":54,"column":2},"end":{"line":63,"column":null}},"32":{"start":{"line":55,"column":19},"end":{"line":55,"column":36}},"33":{"start":{"line":56,"column":28},"end":{"line":56,"column":36}},"34":{"start":{"line":58,"column":4},"end":{"line":58,"column":50}},"35":{"start":{"line":59,"column":4},"end":{"line":59,"column":59}},"36":{"start":{"line":61,"column":4},"end":{"line":61,"column":53}},"37":{"start":{"line":62,"column":4},"end":{"line":62,"column":65}},"38":{"start":{"line":50,"column":13},"end":{"line":50,"column":44}},"39":{"start":{"line":66,"column":36},"end":{"line":75,"column":2}},"40":{"start":{"line":66,"column":74},"end":{"line":75,"column":2}},"41":{"start":{"line":67,"column":23},"end":{"line":67,"column":33}},"42":{"start":{"line":68,"column":2},"end":{"line":74,"column":null}},"43":{"start":{"line":69,"column":27},"end":{"line":69,"column":58}},"44":{"start":{"line":70,"column":4},"end":{"line":70,"column":41}},"45":{"start":{"line":72,"column":4},"end":{"line":72,"column":53}},"46":{"start":{"line":73,"column":4},"end":{"line":73,"column":64}},"47":{"start":{"line":66,"column":13},"end":{"line":66,"column":36}}},"fnMap":{"0":{"name":"(anonymous_7)","decl":{"start":{"line":10,"column":38},"end":{"line":10,"column":45}},"loc":{"start":{"line":10,"column":76},"end":{"line":19,"column":2}}},"1":{"name":"(anonymous_8)","decl":{"start":{"line":10,"column":76},"end":{"line":10,"column":null}},"loc":{"start":{"line":10,"column":76},"end":{"line":19,"column":1}}},"2":{"name":"(anonymous_9)","decl":{"start":{"line":21,"column":35},"end":{"line":21,"column":42}},"loc":{"start":{"line":21,"column":73},"end":{"line":37,"column":2}}},"3":{"name":"(anonymous_10)","decl":{"start":{"line":21,"column":73},"end":{"line":21,"column":null}},"loc":{"start":{"line":21,"column":73},"end":{"line":37,"column":1}}},"4":{"name":"(anonymous_11)","decl":{"start":{"line":39,"column":36},"end":{"line":39,"column":43}},"loc":{"start":{"line":39,"column":74},"end":{"line":48,"column":2}}},"5":{"name":"(anonymous_12)","decl":{"start":{"line":39,"column":74},"end":{"line":39,"column":null}},"loc":{"start":{"line":39,"column":74},"end":{"line":48,"column":1}}},"6":{"name":"(anonymous_13)","decl":{"start":{"line":50,"column":44},"end":{"line":50,"column":null}},"loc":{"start":{"line":53,"column":4},"end":{"line":64,"column":2}}},"7":{"name":"(anonymous_14)","decl":{"start":{"line":53,"column":4},"end":{"line":53,"column":null}},"loc":{"start":{"line":53,"column":4},"end":{"line":64,"column":1}}},"8":{"name":"(anonymous_15)","decl":{"start":{"line":66,"column":36},"end":{"line":66,"column":43}},"loc":{"start":{"line":66,"column":74},"end":{"line":75,"column":2}}},"9":{"name":"(anonymous_16)","decl":{"start":{"line":66,"column":74},"end":{"line":66,"column":null}},"loc":{"start":{"line":66,"column":74},"end":{"line":75,"column":1}}}},"branchMap":{},"s":{"0":1,"1":1,"2":2,"3":2,"4":2,"5":2,"6":1,"7":1,"8":1,"9":1,"10":1,"11":2,"12":2,"13":2,"14":2,"15":1,"16":1,"17":2,"18":2,"19":1,"20":1,"21":2,"22":2,"23":2,"24":2,"25":1,"26":1,"27":1,"28":1,"29":1,"30":2,"31":2,"32":2,"33":2,"34":2,"35":1,"36":1,"37":1,"38":1,"39":1,"40":2,"41":2,"42":2,"43":2,"44":1,"45":1,"46":1,"47":1},"f":{"0":2,"1":2,"2":2,"3":2,"4":2,"5":2,"6":2,"7":2,"8":2,"9":2},"b":{}}
,"C:\\Users\\perka\\Desktop\\Projects\\ExpenseApp\\src\\models\\User.ts": {"path":"C:\\Users\\perka\\Desktop\\Projects\\ExpenseApp\\src\\models\\User.ts","statementMap":{"0":{"start":{"line":1,"column":0},"end":{"line":1,"column":54}},"1":{"start":{"line":2,"column":0},"end":{"line":2,"column":28}},"2":{"start":{"line":10,"column":19},"end":{"line":16,"column":null}},"3":{"start":{"line":20,"column":0},"end":{"line":25,"column":3}},"4":{"start":{"line":21,"column":2},"end":{"line":21,"column":50}},"5":{"start":{"line":21,"column":36},"end":{"line":21,"column":50}},"6":{"start":{"line":22,"column":25},"end":{"line":22,"column":61}},"7":{"start":{"line":23,"column":2},"end":{"line":23,"column":33}},"8":{"start":{"line":24,"column":2},"end":{"line":24,"column":9}},"9":{"start":{"line":28,"column":0},"end":{"line":32,"column":2}},"10":{"start":{"line":31,"column":2},"end":{"line":31,"column":64}},"11":{"start":{"line":34,"column":13},"end":{"line":34,"column":61}},"12":{"start":{"line":36,"column":0},"end":{"line":36,"column":20}}},"fnMap":{"0":{"name":"(anonymous_14)","decl":{"start":{"line":20,"column":23},"end":{"line":20,"column":39}},"loc":{"start":{"line":20,"column":43},"end":{"line":25,"column":2}}},"1":{"name":"(anonymous_16)","decl":{"start":{"line":28,"column":37},"end":{"line":28,"column":null}},"loc":{"start":{"line":29,"column":27},"end":{"line":32,"column":2}}}},"branchMap":{"0":{"loc":{"start":{"line":21,"column":2},"end":{"line":21,"column":50}},"type":"if","locations":[{"start":{"line":21,"column":2},"end":{"line":21,"column":50}}]}},"s":{"0":1,"1":1,"2":1,"3":1,"4":0,"5":0,"6":0,"7":0,"8":0,"9":1,"10":0,"11":1,"12":1},"f":{"0":0,"1":0},"b":{"0":[0]}}
,"C:\\Users\\perka\\Desktop\\Projects\\ExpenseApp\\src\\services\\authService.ts": {"path":"C:\\Users\\perka\\Desktop\\Projects\\ExpenseApp\\src\\services\\authService.ts","statementMap":{"0":{"start":{"line":1,"column":0},"end":{"line":1,"column":34}},"1":{"start":{"line":2,"column":0},"end":{"line":2,"column":31}},"2":{"start":{"line":3,"column":0},"end":{"line":3,"column":28}},"3":{"start":{"line":5,"column":19},"end":{"line":5,"column":62}},"4":{"start":{"line":7,"column":28},"end":{"line":14,"column":2}},"5":{"start":{"line":11,"column":5},"end":{"line":14,"column":2}},"6":{"start":{"line":12,"column":18},"end":{"line":12,"column":36}},"7":{"start":{"line":13,"column":2},"end":{"line":13,"column":23}},"8":{"start":{"line":7,"column":13},"end":{"line":7,"column":28}},"9":{"start":{"line":16,"column":25},"end":{"line":32,"column":2}},"10":{"start":{"line":16,"column":67},"end":{"line":32,"column":2}},"11":{"start":{"line":17,"column":15},"end":{"line":17,"column":44}},"12":{"start":{"line":19,"column":2},"end":{"line":21,"column":null}},"13":{"start":{"line":20,"column":4},"end":{"line":20,"column":38}},"14":{"start":{"line":23,"column":26},"end":{"line":23,"column":71}},"15":{"start":{"line":25,"column":2},"end":{"line":27,"column":null}},"16":{"start":{"line":26,"column":4},"end":{"line":26,"column":43}},"17":{"start":{"line":29,"column":16},"end":{"line":29,"column":79}},"18":{"start":{"line":31,"column":2},"end":{"line":31,"column":15}},"19":{"start":{"line":16,"column":13},"end":{"line":16,"column":25}},"20":{"start":{"line":34,"column":26},"end":{"line":36,"column":2}},"21":{"start":{"line":34,"column":51},"end":{"line":36,"column":2}},"22":{"start":{"line":35,"column":2},"end":{"line":35,"column":40}},"23":{"start":{"line":34,"column":13},"end":{"line":34,"column":26}},"24":{"start":{"line":38,"column":34},"end":{"line":49,"column":2}},"25":{"start":{"line":41,"column":4},"end":{"line":49,"column":2}},"26":{"start":{"line":42,"column":15},"end":{"line":42,"column":42}},"27":{"start":{"line":43,"column":2},"end":{"line":45,"column":null}},"28":{"start":{"line":44,"column":4},"end":{"line":44,"column":38}},"29":{"start":{"line":47,"column":2},"end":{"line":47,"column":30}},"30":{"start":{"line":48,"column":2},"end":{"line":48,"column":20}},"31":{"start":{"line":38,"column":13},"end":{"line":38,"column":34}},"32":{"start":{"line":51,"column":31},"end":{"line":54,"column":2}},"33":{"start":{"line":51,"column":76},"end":{"line":54,"column":2}},"34":{"start":{"line":52,"column":15},"end":{"line":52,"column":47}},"35":{"start":{"line":53,"column":2},"end":{"line":53,"column":16}},"36":{"start":{"line":51,"column":13},"end":{"line":51,"column":31}}},"fnMap":{"0":{"name":"(anonymous_8)","decl":{"start":{"line":7,"column":28},"end":{"line":7,"column":35}},"loc":{"start":{"line":11,"column":5},"end":{"line":14,"column":2}}},"1":{"name":"(anonymous_9)","decl":{"start":{"line":11,"column":5},"end":{"line":11,"column":null}},"loc":{"start":{"line":11,"column":5},"end":{"line":14,"column":1}}},"2":{"name":"(anonymous_10)","decl":{"start":{"line":16,"column":25},"end":{"line":16,"column":32}},"loc":{"start":{"line":16,"column":67},"end":{"line":32,"column":2}}},"3":{"name":"(anonymous_11)","decl":{"start":{"line":16,"column":67},"end":{"line":16,"column":null}},"loc":{"start":{"line":16,"column":67},"end":{"line":32,"column":1}}},"4":{"name":"(anonymous_12)","decl":{"start":{"line":34,"column":26},"end":{"line":34,"column":33}},"loc":{"start":{"line":34,"column":51},"end":{"line":36,"column":2}}},"5":{"name":"(anonymous_13)","decl":{"start":{"line":34,"column":51},"end":{"line":34,"column":null}},"loc":{"start":{"line":34,"column":51},"end":{"line":36,"column":1}}},"6":{"name":"(anonymous_14)","decl":{"start":{"line":38,"column":34},"end":{"line":38,"column":null}},"loc":{"start":{"line":41,"column":4},"end":{"line":49,"column":2}}},"7":{"name":"(anonymous_15)","decl":{"start":{"line":41,"column":4},"end":{"line":41,"column":null}},"loc":{"start":{"line":41,"column":4},"end":{"line":49,"column":1}}},"8":{"name":"(anonymous_16)","decl":{"start":{"line":51,"column":31},"end":{"line":51,"column":38}},"loc":{"start":{"line":51,"column":76},"end":{"line":54,"column":2}}},"9":{"name":"(anonymous_17)","decl":{"start":{"line":51,"column":76},"end":{"line":51,"column":null}},"loc":{"start":{"line":51,"column":76},"end":{"line":54,"column":1}}}},"branchMap":{"0":{"loc":{"start":{"line":5,"column":19},"end":{"line":5,"column":62}},"type":"binary-expr","locations":[{"start":{"line":5,"column":19},"end":{"line":5,"column":41}},{"start":{"line":5,"column":45},"end":{"line":5,"column":62}}]},"1":{"loc":{"start":{"line":19,"column":2},"end":{"line":21,"column":null}},"type":"if","locations":[{"start":{"line":19,"column":2},"end":{"line":21,"column":null}}]},"2":{"loc":{"start":{"line":25,"column":2},"end":{"line":27,"column":null}},"type":"if","locations":[{"start":{"line":25,"column":2},"end":{"line":27,"column":null}}]},"3":{"loc":{"start":{"line":43,"column":2},"end":{"line":45,"column":null}},"type":"if","locations":[{"start":{"line":43,"column":2},"end":{"line":45,"column":null}}]}},"s":{"0":1,"1":1,"2":1,"3":1,"4":1,"5":0,"6":0,"7":0,"8":1,"9":1,"10":0,"11":0,"12":0,"13":0,"14":0,"15":0,"16":0,"17":0,"18":0,"19":1,"20":1,"21":0,"22":0,"23":1,"24":1,"25":0,"26":0,"27":0,"28":0,"29":0,"30":0,"31":1,"32":1,"33":0,"34":0,"35":0,"36":1},"f":{"0":0,"1":0,"2":0,"3":0,"4":0,"5":0,"6":0,"7":0,"8":0,"9":0},"b":{"0":[1,1],"1":[0],"2":[0],"3":[0]}}
}
