TN:
SF:src\controllers\authController.ts
FN:10,(anonymous_7)
FN:10,(anonymous_8)
FN:21,(anonymous_9)
FN:21,(anonymous_10)
FN:39,(anonymous_11)
FN:39,(anonymous_12)
FN:50,(anonymous_13)
FN:53,(anonymous_14)
FN:66,(anonymous_15)
FN:66,(anonymous_16)
FNF:10
FNH:10
FNDA:2,(anonymous_7)
FNDA:2,(anonymous_8)
FNDA:2,(anonymous_9)
FNDA:2,(anonymous_10)
FNDA:2,(anonymous_11)
FNDA:2,(anonymous_12)
FNDA:2,(anonymous_13)
FNDA:2,(anonymous_14)
FNDA:2,(anonymous_15)
FNDA:2,(anonymous_16)
DA:2,1
DA:10,2
DA:11,2
DA:12,2
DA:13,2
DA:14,1
DA:16,1
DA:17,1
DA:21,2
DA:22,2
DA:23,2
DA:24,2
DA:26,1
DA:27,1
DA:34,2
DA:35,2
DA:39,2
DA:40,2
DA:41,2
DA:42,2
DA:43,1
DA:45,1
DA:46,1
DA:50,1
DA:53,2
DA:54,2
DA:55,2
DA:56,2
DA:58,2
DA:59,1
DA:61,1
DA:62,1
DA:66,2
DA:67,2
DA:68,2
DA:69,2
DA:70,1
DA:72,1
DA:73,1
LF:39
LH:39
BRF:0
BRH:0
end_of_record
TN:
SF:src\models\User.ts
FN:20,(anonymous_14)
FN:28,(anonymous_16)
FNF:2
FNH:0
FNDA:0,(anonymous_14)
FNDA:0,(anonymous_16)
DA:1,1
DA:2,1
DA:10,1
DA:20,1
DA:21,0
DA:22,0
DA:23,0
DA:24,0
DA:28,1
DA:31,0
DA:34,1
DA:36,1
LF:12
LH:7
BRDA:21,0,0,0
BRF:1
BRH:0
end_of_record
TN:
SF:src\services\authService.ts
FN:7,(anonymous_8)
FN:11,(anonymous_9)
FN:16,(anonymous_10)
FN:16,(anonymous_11)
FN:34,(anonymous_12)
FN:34,(anonymous_13)
FN:38,(anonymous_14)
FN:41,(anonymous_15)
FN:51,(anonymous_16)
FN:51,(anonymous_17)
FNF:10
FNH:0
FNDA:0,(anonymous_8)
FNDA:0,(anonymous_9)
FNDA:0,(anonymous_10)
FNDA:0,(anonymous_11)
FNDA:0,(anonymous_12)
FNDA:0,(anonymous_13)
FNDA:0,(anonymous_14)
FNDA:0,(anonymous_15)
FNDA:0,(anonymous_16)
FNDA:0,(anonymous_17)
DA:1,1
DA:2,1
DA:3,1
DA:5,1
DA:7,1
DA:11,0
DA:12,0
DA:13,0
DA:16,1
DA:17,0
DA:19,0
DA:20,0
DA:23,0
DA:25,0
DA:26,0
DA:29,0
DA:31,0
DA:34,1
DA:35,0
DA:38,1
DA:41,0
DA:42,0
DA:43,0
DA:44,0
DA:47,0
DA:48,0
DA:51,1
DA:52,0
DA:53,0
LF:29
LH:9
BRDA:5,0,0,1
BRDA:5,0,1,1
BRDA:19,1,0,0
BRDA:25,2,0,0
BRDA:43,3,0,0
BRF:5
BRH:2
end_of_record
